[debug] [2026-02-07T12:59:10.011Z] ----------------------------------------------------------------------
[debug] [2026-02-07T12:59:10.013Z] Command:       /opt/homebrew/Cellar/node/25.5.0/bin/node /Users/houndetonbotonkevin/.npm/_npx/ba4f1959e38407b5/node_modules/.bin/firebase init dataconnect --project benin-experience-dev
[debug] [2026-02-07T12:59:10.013Z] CLI Version:   15.5.1
[debug] [2026-02-07T12:59:10.013Z] Platform:      darwin
[debug] [2026-02-07T12:59:10.013Z] Node Version:  v25.5.0
[debug] [2026-02-07T12:59:10.013Z] Time:          Sat Feb 07 2026 13:59:10 GMT+0100 (West Africa Time)
[debug] [2026-02-07T12:59:10.013Z] ----------------------------------------------------------------------
[debug] 
[debug] [2026-02-07T12:59:10.316Z] Object "" in "firebase.json" has unknown property: {"additionalProperty":"flutter"}
[debug] [2026-02-07T12:59:10.318Z] Object "" in "firebase.json" has unknown property: {"additionalProperty":"flutter"}
[info] 
     ######## #### ########  ######## ########     ###     ######  ########
     ##        ##  ##     ## ##       ##     ##  ##   ##  ##       ##
     ######    ##  ########  ######   ########  #########  ######  ######
     ##        ##  ##    ##  ##       ##     ## ##     ##       ## ##
     ##       #### ##     ## ######## ########  ##     ##  ######  ########

You're about to initialize a Firebase project in this directory:

  /Users/houndetonbotonkevin/Documents/benin_experience

Before we get started, keep in mind:

  * You are initializing within an existing Firebase project directory

[info] 
=== Project Setup
[info] 
[info] First, let's associate this project directory with a Firebase project.
[info] You can create multiple project aliases by running firebase use --add, 
[info] 
[debug] [2026-02-07T12:59:10.319Z] > command requires scopes: ["email","openid","https://www.googleapis.com/auth/cloudplatformprojects.readonly","https://www.googleapis.com/auth/firebase","https://www.googleapis.com/auth/cloud-platform"]
[debug] [2026-02-07T12:59:10.319Z] > authorizing via signed-in user (houndetonbotoniris@gmail.com)
[debug] [2026-02-07T12:59:10.319Z] Checked if tokens are valid: true, expires at: 1770472225733
[debug] [2026-02-07T12:59:10.319Z] Checked if tokens are valid: true, expires at: 1770472225733
[debug] [2026-02-07T12:59:10.320Z] >>> [apiv2][query] GET https://firebase.googleapis.com/v1beta1/projects/benin-experience-dev [none]
[debug] [2026-02-07T12:59:11.337Z] <<< [apiv2][status] GET https://firebase.googleapis.com/v1beta1/projects/benin-experience-dev 403
[debug] [2026-02-07T12:59:11.337Z] <<< [apiv2][body] GET https://firebase.googleapis.com/v1beta1/projects/benin-experience-dev {"error":{"code":403,"message":"The caller does not have permission","status":"PERMISSION_DENIED"}}
[debug] [2026-02-07T12:59:11.337Z] Request to https://firebase.googleapis.com/v1beta1/projects/benin-experience-dev had HTTP Error: 403, The caller does not have permission
[debug] [2026-02-07T12:59:11.845Z] FirebaseError: Request to https://firebase.googleapis.com/v1beta1/projects/benin-experience-dev had HTTP Error: 403, The caller does not have permission
    at responseToError (/Users/houndetonbotonkevin/.npm/_npx/ba4f1959e38407b5/node_modules/firebase-tools/lib/responseToError.js:53:12)
    at RetryOperation._fn (/Users/houndetonbotonkevin/.npm/_npx/ba4f1959e38407b5/node_modules/firebase-tools/lib/apiv2.js:330:77)
    at process.processTicksAndRejections (node:internal/process/task_queues:104:5)
[error] 
[error] Error: Failed to get Firebase project benin-experience-dev. Please make sure the project exists and your account has permission to access it.
